\BOOKMARK [1][-]{section*.3}{Įvadas}{}% 1
\BOOKMARK [1][-]{section.1}{Litratūros apžvalga}{}% 2
\BOOKMARK [2][-]{subsection.1.1}{Bendradarbiavimo filtravimo apibrėžimas}{section.1}% 3
\BOOKMARK [2][-]{subsection.1.2}{Šalto starto problema}{section.1}% 4
\BOOKMARK [2][-]{subsection.1.3}{Naudotojų panašumo apskaičiavimas}{section.1}% 5
\BOOKMARK [3][-]{subsubsection.1.3.1}{Pyrsono\040koreliacija}{subsection.1.3}% 6
\BOOKMARK [3][-]{subsubsection.1.3.2}{Apribota\040Pyrsono\040koreliacija}{subsection.1.3}% 7
\BOOKMARK [3][-]{subsubsection.1.3.3}{Spearmano\040rango\040koreliacija}{subsection.1.3}% 8
\BOOKMARK [3][-]{subsubsection.1.3.4}{Kosinuso panašumas}{subsection.1.3}% 9
\BOOKMARK [3][-]{subsubsection.1.3.5}{Euristinis PIP panašumo matas}{subsection.1.3}% 10
\BOOKMARK [3][-]{subsubsection.1.3.6}{Panašumas su svoriais}{subsection.1.3}% 11
\BOOKMARK [2][-]{subsection.1.4}{Socialiniai tinklai ir pasitikėjimu pagrįstos rekomendacinės sistemos}{section.1}% 12
\BOOKMARK [2][-]{subsection.1.5}{Pasitikėjimo apskaičiavimas}{section.1}% 13
\BOOKMARK [3][-]{subsubsection.1.5.1}{TidalTrust}{subsection.1.5}% 14
\BOOKMARK [3][-]{subsubsection.1.5.2}{MoleTrust}{subsection.1.5}% 15
\BOOKMARK [3][-]{subsubsection.1.5.3}{Pasitikėjimu pagrįstas svoris}{subsection.1.5}% 16
\BOOKMARK [1][-]{section.2}{Tyrimo objektas ir siūlomi metodai}{}% 17
\BOOKMARK [2][-]{subsection.2.1}{Tyrimo\040aplinkos\040modeliavimas}{section.2}% 18
\BOOKMARK [2][-]{subsection.2.2}{Bendrų kaimynų metodas}{section.2}% 19
\BOOKMARK [2][-]{subsection.2.3}{Sričių panašumo metodas}{section.2}% 20
\BOOKMARK [2][-]{subsection.2.4}{Pasitikėjimo apskaičiavimas pasitikėjimo sritims taikant tiesinę regresiją}{section.2}% 21
\BOOKMARK [3][-]{subsubsection.2.4.1}{Pasitikėjimo kryptis}{subsection.2.4}% 22
\BOOKMARK [1][-]{section.3}{Tyrimas}{}% 23
\BOOKMARK [2][-]{subsection.3.1}{Bendrų kaimynų metodas}{section.3}% 24
\BOOKMARK [2][-]{subsection.3.2}{Sričių panašumo metodas}{section.3}% 25
\BOOKMARK [2][-]{subsection.3.3}{Bendrų kaimynų metodas}{section.3}% 26
\BOOKMARK [3][-]{subsubsection.3.3.1}{Globalus bendrų kaimynų metodas}{subsection.3.3}% 27
\BOOKMARK [2][-]{subsection.3.4}{Sričių panašumo metodas}{section.3}% 28
\BOOKMARK [3][-]{subsubsection.3.4.1}{Duomenų generavimas}{subsection.3.4}% 29
\BOOKMARK [4][-]{paragraph.3.4.1.1}{Kategorijos}{subsubsection.3.4.1}% 30
\BOOKMARK [4][-]{paragraph.3.4.1.2}{Naudotojai}{subsubsection.3.4.1}% 31
\BOOKMARK [4][-]{paragraph.3.4.1.3}{Elementai}{subsubsection.3.4.1}% 32
\BOOKMARK [4][-]{paragraph.3.4.1.4}{Reitingai}{subsubsection.3.4.1}% 33
\BOOKMARK [4][-]{paragraph.3.4.1.5}{Pasitikėjimai}{subsubsection.3.4.1}% 34
\BOOKMARK [2][-]{subsection.3.5}{Metodo\040rezultatai}{section.3}% 35
\BOOKMARK [2][-]{subsection.3.6}{Problemos ir iššūkiai}{section.3}% 36
\BOOKMARK [1][-]{section.4}{Išvados}{}% 37
